<?xml version="1.0" encoding="UTF-8"?>
<testng-results skipped="0" failed="0" ignored="0" total="1" passed="1">
  <reporter-output>
  </reporter-output>
  <suite name="Suite" duration-ms="6208" started-at="2018-02-04T11:11:54Z" finished-at="2018-02-04T11:12:00Z">
    <groups>
    </groups>
    <test name="Test" duration-ms="6208" started-at="2018-02-04T11:11:54Z" finished-at="2018-02-04T11:12:00Z">
      <class name="pack1.NewTest">
        <test-method status="PASS" signature="f()[pri:0, instance:pack1.NewTest@59a6e353]" name="f" duration-ms="6162" started-at="2018-02-04T16:41:54Z" finished-at="2018-02-04T16:42:00Z">
          <reporter-output>
          </reporter-output>
        </test-method> <!-- f -->
      </class> <!-- pack1.NewTest -->
    </test> <!-- Test -->
  </suite> <!-- Suite -->
</testng-results>
