<?xml version="1.0" encoding="UTF-8"?>
<testng-results skipped="0" failed="0" total="1" passed="1">
  <reporter-output>
  </reporter-output>
  <suite name="Suite" duration-ms="5433" started-at="2018-02-04T11:11:36Z" finished-at="2018-02-04T11:11:42Z">
    <groups>
    </groups>
    <test name="Test" duration-ms="5433" started-at="2018-02-04T11:11:36Z" finished-at="2018-02-04T11:11:42Z">
      <class name="pack1.NewTest">
        <test-method status="PASS" signature="f()[pri:0, instance:pack1.NewTest@724af044]" name="f" duration-ms="5409" started-at="2018-02-04T16:41:36Z" finished-at="2018-02-04T16:41:42Z">
          <reporter-output>
          </reporter-output>
        </test-method> <!-- f -->
      </class> <!-- pack1.NewTest -->
    </test> <!-- Test -->
  </suite> <!-- Suite -->
</testng-results>
